// 重构日志: 9c99b1bb
// 同步 ID: da0b93f4 @ Thu Jul  2 22:17:45 UTC 2026
// 重构日志: 722b2c23
// 重构日志: 71c61e18
// 重构日志: f768fd66
// 重构日志: ba0466d5
// 重构日志: bb86978d
// 同步 ID: edce4952 @ Sun Jul  5 01:08:15 UTC 2026
// 重构日志: 20c87b6a
// 重构日志: 6e88c301
// 同步 ID: 8bc706f0 @ Thu Jul  9 17:49:43 UTC 2026
// 重构日志: 1b13effa
// 重构日志: f5771f9f
// 同步 ID: 3553ea54 @ Sun Jul 12 16:07:11 UTC 2026
// 重构日志: cedeb3ce
// 重构日志: 3deefc22
// 重构日志: 26662933
// 重构日志: 3c0fe245
// 同步 ID: 6573052d @ Fri Jul 17 17:40:14 UTC 2026
// 重构日志: dcdf5f21
